<?xml version="1.0" encoding="UTF-8"?>
<!-- Generated by org.testng.reporters.JUnitXMLReporter -->
<testsuite hostname="DESKTOP-G03DU49" ignored="0" name="Test" tests="2" failures="2" timestamp="17 Nov 2018 16:18:16 GMT" time="0.063" errors="0">
  <testcase name="failConsciously" time="0.0" classname="package1.AssertStmt">
    <failure type="java.lang.AssertionError" message="expected [true] but found [false]">
      <![CDATA[java.lang.AssertionError: expected [true] but found [false]
at package1.AssertStmt.failConsciously(AssertStmt.java:28)
... Removed 29 stack frames]]>
    </failure>
  </testcase> <!-- failConsciously -->
  <testcase name="positiveDigit" time="0.0" classname="package1.AssertStmt">
    <failure type="java.lang.AssertionError" message="expected [true] but found [false]">
      <![CDATA[java.lang.AssertionError: expected [true] but found [false]
at package1.AssertStmt.positiveDigit(AssertStmt.java:21)
... Removed 29 stack frames]]>
    </failure>
  </testcase> <!-- positiveDigit -->
</testsuite> <!-- Test -->
